<?xml version="1.0" encoding="UTF-8"?>
<!-- Generated by org.testng.reporters.JUnitXMLReporter -->
<testsuite hostname="pradumans-imac.lookersgrp.local" ignored="0" name="Test" tests="1" failures="0" timestamp="03 Aug 2017 16:18:46 GMT" time="6.485" errors="0">
  <testcase name="@BeforeMethod BeforeTest" time="6.437" classname="registeration.Lookers_env">
    <failure type="org.openqa.selenium.NoSuchElementException" message="Unable to locate element: Lookers_Logo
For documentation on this error, please visit: http://seleniumhq.org/exceptions/no_such_element.html
Build info: version: &amp;apos;unknown&amp;apos;, revision: &amp;apos;unknown&amp;apos;, time: &amp;apos;unknown&amp;apos;
System info: host: &amp;apos;pradumans-imac.lookersgrp.local&amp;apos;, ip: &amp;apos;fe80:0:0:0:6:dac6:f075:117f%en0&amp;apos;, os.name: &amp;apos;Mac OS X&amp;apos;, os.arch: &amp;apos;x86_64&amp;apos;, os.version: &amp;apos;10.12.6&amp;apos;, java.version: &amp;apos;1.8.0_131&amp;apos;
Driver info: org.openqa.selenium.firefox.FirefoxDriver
Capabilities [{moz:profile=/var/folders/53/prn6h2n14c961md3k3_98_dw0000gn/T/rust_mozprofile.sMn2UaK6ljCU, rotatable=false, timeouts={implicit=0.0, pageLoad=300000.0, script=30000.0}, pageLoadStrategy=normal, platform=ANY, specificationLevel=0.0, moz:accessibilityChecks=false, acceptInsecureCerts=false, browserVersion=54.0.1, platformVersion=16.7.0, moz:processID=4431.0, browserName=firefox, javascriptEnabled=true, platformName=darwin}]
Session ID: 11779f47-9c72-284b-adde-67baf56479f9
*** Element info: {Using=xpath, value=Lookers_Logo}">
      <![CDATA[org.openqa.selenium.NoSuchElementException: Unable to locate element: Lookers_Logo
For documentation on this error, please visit: http://seleniumhq.org/exceptions/no_such_element.html
Build info: version: 'unknown', revision: 'unknown', time: 'unknown'
System info: host: 'pradumans-imac.lookersgrp.local', ip: 'fe80:0:0:0:6:dac6:f075:117f%en0', os.name: 'Mac OS X', os.arch: 'x86_64', os.version: '10.12.6', java.version: '1.8.0_131'
Driver info: org.openqa.selenium.firefox.FirefoxDriver
Capabilities [{moz:profile=/var/folders/53/prn6h2n14c961md3k3_98_dw0000gn/T/rust_mozprofile.sMn2UaK6ljCU, rotatable=false, timeouts={implicit=0.0, pageLoad=300000.0, script=30000.0}, pageLoadStrategy=normal, platform=ANY, specificationLevel=0.0, moz:accessibilityChecks=false, acceptInsecureCerts=false, browserVersion=54.0.1, platformVersion=16.7.0, moz:processID=4431.0, browserName=firefox, javascriptEnabled=true, platformName=darwin}]
Session ID: 11779f47-9c72-284b-adde-67baf56479f9
*** Element info: {Using=xpath, value=Lookers_Logo}
	at org.openqa.selenium.remote.http.W3CHttpResponseCodec.createException(W3CHttpResponseCodec.java:150)
	at org.openqa.selenium.remote.http.W3CHttpResponseCodec.decode(W3CHttpResponseCodec.java:115)
	at org.openqa.selenium.remote.http.W3CHttpResponseCodec.decode(W3CHttpResponseCodec.java:45)
	at org.openqa.selenium.remote.HttpCommandExecutor.execute(HttpCommandExecutor.java:164)
	at org.openqa.selenium.remote.service.DriverCommandExecutor.execute(DriverCommandExecutor.java:82)
	at org.openqa.selenium.remote.RemoteWebDriver.execute(RemoteWebDriver.java:637)
	at org.openqa.selenium.remote.RemoteWebDriver.findElement(RemoteWebDriver.java:410)
	at org.openqa.selenium.remote.RemoteWebDriver.findElementByXPath(RemoteWebDriver.java:509)
	at org.openqa.selenium.By$ByXPath.findElement(By.java:361)
	at org.openqa.selenium.remote.RemoteWebDriver.findElement(RemoteWebDriver.java:402)
	at registeration.RegBase.intialize(RegBase.java:62)
	at registeration.Lookers_env.BeforeTest(Lookers_env.java:32)
... Removed 31 stack frames]]>
    </failure>
  </testcase> <!-- @BeforeMethod BeforeTest -->
  <testcase name="@AfterTest close" time="0.0" classname="registeration.Lookers_env">
    <skipped/>
  </testcase> <!-- @AfterTest close -->
  <testcase name="LoginTest" time="0.0" classname="registeration.Lookers_env">
    <skipped/>
  </testcase> <!-- LoginTest -->
</testsuite> <!-- Test -->
